[0.007s] Invoking command in '/home/ws/potato_ws/build/robot_description': /usr/bin/cmake --build /home/ws/potato_ws/build/robot_description -- -j14 -l14
[0.026s] -- Found ament_cmake: 2.5.4 (/opt/ros/jazzy/share/ament_cmake/cmake)
[0.128s] Traceback (most recent call last):
[0.128s]   File "/opt/ros/jazzy/share/ament_cmake_core/cmake/package_templates/templates_2_cmake.py", line 21, in <module>
[0.128s]     from ament_package.templates import get_environment_hook_template_path
[0.128s] ModuleNotFoundError: No module named 'ament_package'
[0.130s] [31mCMake Error at /opt/ros/jazzy/share/ament_cmake_core/cmake/ament_cmake_package_templates-extras.cmake:41 (message):
[0.130s]   execute_process(/usr/bin/python3
[0.130s]   /opt/ros/jazzy/share/ament_cmake_core/cmake/package_templates/templates_2_cmake.py
[0.131s]   /home/ws/potato_ws/build/robot_description/ament_cmake_package_templates/templates.cmake)
[0.131s]   returned error code 1
[0.131s] Call Stack (most recent call first):
[0.131s]   /opt/ros/jazzy/share/ament_cmake_core/cmake/ament_cmake_coreConfig.cmake:41 (include)
[0.131s]   /opt/ros/jazzy/share/ament_cmake/cmake/ament_cmake_export_dependencies-extras.cmake:15 (find_package)
[0.131s]   /opt/ros/jazzy/share/ament_cmake/cmake/ament_cmakeConfig.cmake:41 (include)
[0.131s]   CMakeLists.txt:9 (find_package)
[0.131s] 
[0.131s] [0m
[0.131s] -- Configuring incomplete, errors occurred!
[0.133s] gmake: *** [Makefile:226: cmake_check_build_system] Error 1
[0.135s] Invoked command in '/home/ws/potato_ws/build/robot_description' returned '2': /usr/bin/cmake --build /home/ws/potato_ws/build/robot_description -- -j14 -l14
